<?xml version="1.0" encoding="UTF-8"?>
<!-- Generated by org.testng.reporters.JUnitXMLReporter -->
<testsuite ignored="1" hostname="DESKTOP-0D35TTE" failures="1" tests="1" name="AutomationTesting" time="13.226" errors="0" timestamp="2025-11-22T10:17:59 IST">
  <testcase classname="parallelExecution.SampleUITests" name="UITest" time="5.868">
    <failure type="org.junit.ComparisonFailure" message="expected:&amp;lt;Just a moment[DD]...&amp;gt; but was:&amp;lt;Just a moment[]...&amp;gt;">
      <![CDATA[org.junit.ComparisonFailure: expected:<Just a moment[DD]...> but was:<Just a moment[]...>
at org.junit.Assert.assertEquals(Assert.java:117)
at org.junit.Assert.assertEquals(Assert.java:146)
at parallelExecution.SampleUITests.UITest(SampleUITests.java:79)
at java.base/java.util.ArrayList.forEach(ArrayList.java:1511)
at com.intellij.rt.testng.IDEARemoteTestNG.run(IDEARemoteTestNG.java:65)
at com.intellij.rt.testng.RemoteTestNGStarter.main(RemoteTestNGStarter.java:105)
... Removed 24 stack frames]]>
    </failure>
  </testcase> <!-- UITest -->
  <testcase classname="parallelExecution.SampleUITests" name="UITest1" time="0.0">
    <ignored/>
  </testcase> <!-- UITest1 -->
</testsuite> <!-- AutomationTesting -->
